52025-09-06 14:40:32,171 - INFO - Questions written successfully.
2025-09-06 14:40:32,173 - INFO - Question 8 added successfully.
2025-09-06 14:40:57,029 - INFO - Nested questions loaded successfully.
2025-09-06 14:42:10,536 - INFO - Exam completed for student sathwik (cisco). Score: 8/8
2025-09-06 14:43:33,124 - INFO - Nested questions loaded successfully.
2025-09-06 14:43:58,892 - INFO - Exam completed for student sathwik (cisco). Score: 3/8
2025-09-06 15:00:39,651 - INFO - Nested questions loaded successfully.
2025-09-06 15:00:39,658 - WARNING - Question 1 not found.
2025-09-06 15:00:39,660 - INFO - Questions written successfully.
2025-09-06 15:00:53,982 - INFO - Exam completed for student Test Student (Test University). Score: 1/1
2025-09-06 22:15:02,141 - ERROR - Error during exam: Load error
2025-09-06 22:15:02,142 - INFO - Exam completed for student Student (University). Score: 2/2
2025-09-06 22:15:02,144 - INFO - Exam completed for student Student (University). Score: 2/2
2025-09-06 22:15:02,145 - WARNING - No questions available for exam.
2025-09-06 22:15:02,146 - INFO - Exam completed for student Student (University). Score: 0/2
2025-09-06 22:16:15,181 - INFO - Question 1 deleted successfully.
2025-09-06 22:16:15,182 - WARNING - Delete failed. Question 3 not found.
2025-09-06 22:16:15,183 - INFO - Nested questions loaded successfully.
2025-09-06 22:16:15,184 - INFO - Question 1 modified successfully.
2025-09-06 22:16:15,185 - WARNING - Modify failed. Question 3 not found.
2025-09-06 22:16:15,191 - INFO - Question 1 found.
2025-09-06 22:16:15,192 - WARNING - Question 1 not found.
2025-09-06 22:16:15,194 - INFO - Questions written successfully.
2025-09-06 22:20:27,686 - INFO - Questions written successfully.
2025-09-06 22:20:27,686 - INFO - Question 9 added successfully.
2025-09-06 22:23:27,189 - INFO - Nested questions loaded successfully.
2025-09-06 22:23:43,234 - INFO - Exam completed for student Sai (cisco). Score: 2/9
2025-09-06 22:25:25,556 - ERROR - Error writing questions.csv: [Errno 13] Permission denied: 'questions.csv'
2025-09-06 22:25:25,556 - INFO - Question 10 added successfully.
2025-09-06 22:25:37,209 - INFO - Nested questions loaded successfully.
2025-09-06 22:26:11,420 - INFO - Exam completed for student  (). Score: 8/9
2025-09-06 23:04:04,310 - INFO - Question 9 found.
2025-09-06 23:04:13,738 - INFO - Question 8 found.
2025-09-06 23:05:42,480 - INFO - Question 9 found.
2025-09-06 23:05:47,357 - WARNING - Question 10 not found.
2025-09-06 23:06:44,583 - ERROR - Error writing questions.csv: [Errno 13] Permission denied: 'questions.csv'
2025-09-06 23:06:44,584 - INFO - Question 8 deleted successfully.
2025-09-06 23:06:52,044 - WARNING - Delete failed. Question 10 not found.
2025-09-06 23:10:29,943 - ERROR - Error writing questions.csv: [Errno 13] Permission denied: 'questions.csv'
2025-09-06 23:10:29,943 - INFO - Question 7 modified successfully.
2025-09-06 23:11:09,238 - INFO - Displayed all questions successfully.
2025-09-06 23:11:42,377 - INFO - Displayed all questions successfully.
2025-09-06 23:12:33,085 - WARNING - Modify failed. Question 10 not found.
2025-09-06 23:17:14,231 - INFO - Displayed all questions successfully.
2025-09-06 23:20:47,742 - INFO - Nested questions loaded successfully.
2025-09-06 23:22:28,830 - INFO - Exam completed for student sai (cisco). Score: 8/9
2025-09-06 23:24:02,007 - INFO - Nested questions loaded successfully.
2025-09-06 23:24:37,432 - INFO - Exam completed for student Sathwik (cisco). Score: 6/9
2025-09-06 23:27:39,405 - INFO - Nested questions loaded successfully.
2025-09-06 23:28:14,255 - INFO - Exam completed for student  (). Score: 8/9
2025-09-06 23:32:04,663 - ERROR - Error creating nested questions: 'question'
2025-09-06 23:32:04,664 - WARNING - No questions available for exam.
2025-09-06 23:32:27,832 - INFO - Nested questions loaded successfully.
2025-09-06 23:32:48,023 - INFO - Exam completed for student sai2 (cisco pvt). Score: 2/9
2025-09-06 23:34:18,636 - ERROR - Error creating nested questions: 'option1'
2025-09-06 23:34:18,638 - WARNING - No questions available for exam.
2025-09-06 23:35:32,666 - INFO - Nested questions loaded successfully.
2025-09-06 23:36:16,499 - INFO - Exam completed for student dd (dwd). Score: 2/9
2025-09-06 23:36:40,313 - INFO - Nested questions loaded successfully.
2025-09-06 23:37:15,067 - INFO - Exam completed for student dws (sda). Score: 4/9
2025-09-06 23:39:31,593 - INFO - Nested questions loaded successfully.
2025-09-06 23:39:31,594 - WARNING - No questions available for exam.
2025-09-06 23:43:01,292 - INFO - Nested questions loaded successfully.
2025-09-06 23:44:35,601 - INFO - Nested questions loaded successfully.
2025-09-06 23:46:41,151 - INFO - Nested questions loaded successfully.
2025-09-06 23:49:01,491 - ERROR - Error writing questions.csv: [Errno 13] Permission denied: 'questions.csv'
2025-09-06 23:49:01,493 - INFO - Question 10 added successfully.
2025-09-06 23:49:06,599 - INFO - Displayed all questions successfully.
2025-09-06 23:51:34,033 - ERROR - Error writing questions.csv: [Errno 13] Permission denied: 'questions.csv'
2025-09-06 23:51:34,033 - INFO - Question 10 added successfully.
2025-09-06 23:51:36,047 - INFO - Displayed all questions successfully.
2025-09-06 23:52:47,191 - INFO - Displayed all questions successfully.
2025-09-06 23:53:11,992 - ERROR - Error writing questions.csv: [Errno 13] Permission denied: 'questions.csv'
2025-09-06 23:53:11,994 - INFO - Question 10 added successfully.
2025-09-06 23:53:13,902 - INFO - Displayed all questions successfully.
2025-09-06 23:53:56,040 - INFO - Displayed all questions successfully.
2025-09-07 13:37:06,324 - WARNING - Invalid student name entered.
2025-09-07 13:37:10,980 - WARNING - Invalid student name entered.
2025-09-07 13:37:13,841 - WARNING - Invalid student name entered.
2025-09-07 13:37:18,054 - WARNING - Invalid student name entered.
2025-09-07 13:37:21,099 - WARNING - Invalid student name entered.
2025-09-07 13:37:28,952 - WARNING - Invalid student name entered.
2025-09-07 13:37:32,487 - WARNING - Invalid student name entered.
2025-09-07 13:37:35,552 - WARNING - Invalid student name entered.
2025-09-07 13:37:43,963 - WARNING - Invalid university entered.
2025-09-07 13:37:49,530 - WARNING - Invalid student name entered.
2025-09-07 13:37:54,273 - WARNING - Invalid student name entered.
2025-09-07 13:37:59,380 - WARNING - Invalid student name entered.
2025-09-07 13:38:15,485 - INFO - Nested questions loaded successfully.
2025-09-07 13:38:55,969 - INFO - Exam completed for student Cisco Pvt (CISCO). Score: 10/10
2025-09-07 13:40:47,491 - WARNING - Invalid university entered.
2025-09-07 13:42:02,958 - WARNING - Invalid university entered.
2025-09-07 13:43:45,706 - WARNING - Invalid student name entered.
2025-09-07 13:43:57,533 - WARNING - Invalid student name entered.
2025-09-07 13:44:04,920 - INFO - Nested questions loaded successfully.
2025-09-07 13:44:30,169 - INFO - Exam completed for student Sathwik k (cisco). Score: 4/10
2025-09-07 13:45:14,773 - INFO - Displayed all questions successfully.
2025-09-07 13:45:32,335 - INFO - Questions written successfully.
2025-09-07 13:45:32,335 - INFO - Question 11 added successfully.
2025-09-07 13:45:34,391 - INFO - Displayed all questions successfully.
2025-09-07 13:47:36,659 - INFO - Nested questions loaded successfully.
2025-09-07 13:48:08,302 - INFO - Exam completed for student sat (cissco). Score: 10/11
2025-09-07 13:49:51,999 - INFO - Question 11 found.
2025-09-07 13:50:06,162 - WARNING - Question 13 not found.
2025-09-07 13:50:12,287 - INFO - Question 1 found.
2025-09-07 13:51:16,043 - ERROR - Error writing questions.csv: [Errno 13] Permission denied: 'questions.csv'
2025-09-07 13:51:16,044 - INFO - Question 12 added successfully.
2025-09-07 13:51:32,910 - WARNING - Question 12 not found.
2025-09-07 13:52:27,465 - INFO - Nested questions loaded successfully.
2025-09-07 13:52:58,573 - INFO - Exam completed for student sai (hi). Score: 10/11
2025-09-07 13:56:20,820 - WARNING - Delete failed. Question 12 not found.
2025-09-07 13:56:26,737 - INFO - Questions written successfully.
2025-09-07 13:56:26,737 - INFO - Question 3 deleted successfully.
2025-09-07 13:56:55,192 - INFO - Displayed all questions successfully.
2025-09-07 13:58:56,735 - WARNING - Modify failed. Question 12 not found.
2025-09-07 13:59:49,913 - ERROR - Error writing questions.csv: [Errno 13] Permission denied: 'questions.csv'
2025-09-07 13:59:49,913 - INFO - Question 11 modified successfully.
2025-09-07 14:02:01,134 - WARNING - Invalid student name entered.
2025-09-07 14:02:13,056 - INFO - Displayed all questions successfully.
2025-09-07 14:03:09,432 - INFO - Nested questions loaded successfully.
2025-09-07 14:03:38,070 - INFO - Exam completed for student sss (sqsq). Score: 8/10
2025-09-07 14:06:34,330 - INFO - Nested questions loaded successfully.
2025-09-07 15:15:31,129 - INFO - Displayed all questions successfully.
2025-09-07 15:16:20,884 - INFO - Questions written successfully.
2025-09-07 15:16:20,885 - INFO - Question 10 added successfully.
2025-09-07 15:16:27,634 - INFO - Displayed all questions successfully.
2025-09-07 15:17:33,683 - INFO - Questions written successfully.
2025-09-07 15:17:33,684 - INFO - Question 11 added successfully.
2025-09-07 15:17:37,153 - INFO - Displayed all questions successfully.
2025-09-07 15:17:55,403 - WARNING - Question 12 not found.
2025-09-07 15:18:02,081 - INFO - Question 11 found.
2025-09-07 15:18:46,420 - INFO - Nested questions loaded successfully.
2025-09-07 15:19:54,214 - INFO - Exam completed for student sath (cisco). Score: 11/11
2025-09-07 15:20:09,814 - INFO - Nested questions loaded successfully.
2025-09-07 15:20:18,249 - WARNING - Exam interrupted by user sathwik (cisco) via Ctrl+C.
2025-09-07 15:21:11,981 - INFO - Questions written successfully.
2025-09-07 15:21:11,982 - INFO - Question 11 modified successfully.
2025-09-07 15:21:17,177 - INFO - Displayed all questions successfully.
2025-09-07 15:21:54,896 - INFO - Displayed all questions successfully.
2025-09-12 16:25:35,541 - WARNING - Invalid student name entered.
2025-09-12 16:25:44,839 - INFO - Nested questions loaded successfully.
2025-09-14 21:26:43,867 - INFO - Questions written successfully.
2025-09-14 21:26:43,867 - INFO - Question 12 added successfully.
2025-09-14 21:26:51,616 - INFO - Displayed all questions successfully.
2025-09-14 21:28:06,788 - INFO - Question 12 found.
2025-09-14 21:28:20,982 - WARNING - Question 13 not found.
2025-09-14 21:28:30,790 - INFO - Questions written successfully.
2025-09-14 21:28:30,790 - INFO - Question 12 deleted successfully.
2025-09-14 21:31:45,798 - INFO - Displayed all questions successfully.
2025-09-14 21:31:49,630 - INFO - Displayed all questions successfully.
2025-09-14 21:31:54,907 - INFO - Displayed all questions successfully.
2025-09-14 21:32:35,520 - INFO - Displayed all questions successfully.
2025-09-14 21:33:16,248 - WARNING - Invalid student name entered.
2025-09-14 21:33:37,328 - WARNING - Invalid university entered.
2025-09-14 21:33:41,750 - INFO - Nested questions loaded successfully.
2025-09-14 21:34:28,689 - INFO - Exam completed for student Balu (Cisco). Score: 3/11
2025-09-15 22:14:58,288 - INFO - Questions written successfully.
2025-09-15 22:14:58,289 - INFO - Question 12 added successfully.
2025-09-15 22:15:10,271 - INFO - Question 1 found.
2025-09-15 22:15:44,051 - INFO - Questions written successfully.
2025-09-15 22:15:44,051 - INFO - Question 13 added successfully.
2025-09-15 22:16:01,607 - INFO - Questions written successfully.
2025-09-15 22:16:01,607 - INFO - Question 14 added successfully.
2025-09-15 22:16:07,685 - INFO - Displayed all questions successfully.
2025-09-15 22:19:10,373 - INFO - Questions written successfully.
2025-09-15 22:19:10,374 - INFO - Question 12 deleted successfully.
2025-09-15 22:19:18,100 - INFO - Questions written successfully.
2025-09-15 22:19:18,101 - INFO - Question 13 deleted successfully.
2025-09-15 22:19:22,134 - WARNING - Delete failed. Question 14 not found.
2025-09-15 22:19:28,068 - INFO - Displayed all questions successfully.
